{
  "stats": {
    "suites": 3,
    "tests": 16,
    "passes": 15,
    "pending": 0,
    "failures": 1,
    "start": "2025-09-17T14:01:15.666Z",
    "end": "2025-09-17T14:01:57.343Z",
    "duration": 41677,
    "testsRegistered": 16,
    "passPercent": 93.75,
    "pendingPercent": 0,
    "other": 0,
    "hasOther": false,
    "skipped": 0,
    "hasSkipped": false
  },
  "results": [
    {
      "uuid": "17a2761d-47fa-4482-9418-2b27f7f574ff",
      "title": "",
      "fullFile": "cypress/e2e/login_&_signup/login_&_sign_up_item_validation_tests/login_page_items_validation.cy.js",
      "file": "cypress/e2e/login_&_signup/login_&_sign_up_item_validation_tests/login_page_items_validation.cy.js",
      "beforeHooks": [],
      "afterHooks": [],
      "tests": [],
      "suites": [
        {
          "uuid": "b4e74b21-624f-4380-a938-c41e8b3988d4",
          "title": "Login Page Items Validation @Smoke",
          "fullFile": "",
          "file": "",
          "beforeHooks": [],
          "afterHooks": [],
          "tests": [
            {
              "title": "Login Page URL validation",
              "fullTitle": "Login Page Items Validation @Smoke Login Page URL validation",
              "timedOut": null,
              "duration": 5423,
              "state": "passed",
              "speed": "medium",
              "pass": true,
              "fail": false,
              "pending": false,
              "context": null,
              "code": "cy.url().should(\"eq\", \"https://www.pedogist.com/giris\");",
              "err": {},
              "uuid": "5243b539-3f85-4411-8c58-27bbc8256160",
              "parentUUID": "b4e74b21-624f-4380-a938-c41e8b3988d4",
              "isHook": false,
              "skipped": false
            }
          ],
          "suites": [
            {
              "uuid": "83e2c16f-01fc-4c15-8b98-94afdb6ed736",
              "title": "Left Wrapper",
              "fullFile": "",
              "file": "",
              "beforeHooks": [],
              "afterHooks": [],
              "tests": [
                {
                  "title": "Login image validation",
                  "fullTitle": "Login Page Items Validation @Smoke Left Wrapper Login image validation",
                  "timedOut": null,
                  "duration": 1064,
                  "state": "passed",
                  "speed": "fast",
                  "pass": true,
                  "fail": false,
                  "pending": false,
                  "context": null,
                  "code": "_LoginPage.default.getloginImage().should(\"have.attr\", \"src\", \"/assets/reg/img/login.png\").and(\"be.visible\");",
                  "err": {},
                  "uuid": "e50a79cf-4145-4565-b4c4-067e78973d00",
                  "parentUUID": "83e2c16f-01fc-4c15-8b98-94afdb6ed736",
                  "isHook": false,
                  "skipped": false
                },
                {
                  "title": "information sentence validation under login image",
                  "fullTitle": "Login Page Items Validation @Smoke Left Wrapper information sentence validation under login image",
                  "timedOut": null,
                  "duration": 3610,
                  "state": "passed",
                  "speed": "fast",
                  "pass": true,
                  "fail": false,
                  "pending": false,
                  "context": null,
                  "code": "_LoginPage.default.getleftWrapperText().invoke(\"text\").then(actualText => {\n  const expectedText = _LoginPage.default.getexpectedLoginInfoText();\n  expect(actualText.replace(/\\s+/g, \" \").trim()).to.eq(expectedText);\n});",
                  "err": {},
                  "uuid": "f2629499-0dbd-4ddc-aaf1-7c40b954094c",
                  "parentUUID": "83e2c16f-01fc-4c15-8b98-94afdb6ed736",
                  "isHook": false,
                  "skipped": false
                },
                {
                  "title": "Intext -buradan- register button validation",
                  "fullTitle": "Login Page Items Validation @Smoke Left Wrapper Intext -buradan- register button validation",
                  "timedOut": null,
                  "duration": 3288,
                  "state": "passed",
                  "speed": "fast",
                  "pass": true,
                  "fail": false,
                  "pending": false,
                  "context": null,
                  "code": "_LoginPage.default.getburadanRegisterButtonInText().should(\"have.text\", \"buradan\").and(\"have.attr\", \"href\", \"https://www.pedogist.com/kayit\").and(\"be.visible\");",
                  "err": {},
                  "uuid": "9ea944ee-2e06-4670-bd83-697c01342d4d",
                  "parentUUID": "83e2c16f-01fc-4c15-8b98-94afdb6ed736",
                  "isHook": false,
                  "skipped": false
                },
                {
                  "title": "Return HomePage Button Validation",
                  "fullTitle": "Login Page Items Validation @Smoke Left Wrapper Return HomePage Button Validation",
                  "timedOut": null,
                  "duration": 5200,
                  "state": "failed",
                  "speed": null,
                  "pass": false,
                  "fail": true,
                  "pending": false,
                  "context": "{\n  \"title\": \"cypress-mochawesome-reporter-screenshots\",\n  \"value\": [\n    [\n      \"/login_&_signup/login_&_sign_up_item_validation_tests/login_page_items_validation.cy.js/Login Page Items Validation @Smoke -- Left Wrapper -- Return HomePage Button Validation (failed).png\"\n    ]\n  ]\n}",
                  "code": "_LoginPage.default.getretrunHomePageButton().should(\"have.text\", \"Anasayfaya Dön\").and(\"have.attr\", \"href\", \"/\");",
                  "err": {
                    "message": "AssertionError: Timed out retrying after 4000ms: expected '<a.btn_1.rounded.m-0>' to have attribute 'href' with the value '/', but the value was 'https://www.pedogist.com'",
                    "estack": "AssertionError: Timed out retrying after 4000ms: expected '<a.btn_1.rounded.m-0>' to have attribute 'href' with the value '/', but the value was 'https://www.pedogist.com'\n    at Context.eval (webpack://pedogist.com_test/./cypress/e2e/login_&_signup/login_&_sign_up_item_validation_tests/login_page_items_validation.cy.js:39:17)",
                    "diff": "- 'https://www.pedogist.com'\n+ '/'\n"
                  },
                  "uuid": "ca1e37ce-bba3-4881-8e25-dba39459f919",
                  "parentUUID": "83e2c16f-01fc-4c15-8b98-94afdb6ed736",
                  "isHook": false,
                  "skipped": false
                },
                {
                  "title": "Return HomePage button function validation",
                  "fullTitle": "Login Page Items Validation @Smoke Left Wrapper Return HomePage button function validation",
                  "timedOut": null,
                  "duration": 2322,
                  "state": "passed",
                  "speed": "fast",
                  "pass": true,
                  "fail": false,
                  "pending": false,
                  "context": null,
                  "code": "_LoginPage.default.getretrunHomePageButton().click({\n  force: true\n});\ncy.url().should(\"eq\", \"https://www.pedogist.com/\");",
                  "err": {},
                  "uuid": "21cf6f9e-4743-42be-a8c2-45bc7b5d3b25",
                  "parentUUID": "83e2c16f-01fc-4c15-8b98-94afdb6ed736",
                  "isHook": false,
                  "skipped": false
                }
              ],
              "suites": [],
              "passes": [
                "e50a79cf-4145-4565-b4c4-067e78973d00",
                "f2629499-0dbd-4ddc-aaf1-7c40b954094c",
                "9ea944ee-2e06-4670-bd83-697c01342d4d",
                "21cf6f9e-4743-42be-a8c2-45bc7b5d3b25"
              ],
              "failures": [
                "ca1e37ce-bba3-4881-8e25-dba39459f919"
              ],
              "pending": [],
              "skipped": [],
              "duration": 15484,
              "root": false,
              "rootEmpty": false,
              "_timeout": 2000
            },
            {
              "uuid": "d357700f-9e0d-4107-a8de-44483b402417",
              "title": "Right Wrapper",
              "fullFile": "",
              "file": "",
              "beforeHooks": [],
              "afterHooks": [],
              "tests": [
                {
                  "title": "should display main login text",
                  "fullTitle": "Login Page Items Validation @Smoke Right Wrapper should display main login text",
                  "timedOut": null,
                  "duration": 1548,
                  "state": "passed",
                  "speed": "fast",
                  "pass": true,
                  "fail": false,
                  "pending": false,
                  "context": null,
                  "code": "_LoginPage.default.getmainLoginText().should(\"have.text\", \"Giriş yapmak için bilgilerinizi doldurunuz.\").and(\"be.visible\");",
                  "err": {},
                  "uuid": "49749369-f5c7-4031-9d86-26dab01973a7",
                  "parentUUID": "d357700f-9e0d-4107-a8de-44483b402417",
                  "isHook": false,
                  "skipped": false
                },
                {
                  "title": "should display label for email input",
                  "fullTitle": "Login Page Items Validation @Smoke Right Wrapper should display label for email input",
                  "timedOut": null,
                  "duration": 1501,
                  "state": "passed",
                  "speed": "fast",
                  "pass": true,
                  "fail": false,
                  "pending": false,
                  "context": null,
                  "code": "_LoginPage.default.getlabels().contains(\"E-Mail Adresiniz\").should(\"be.visible\");",
                  "err": {},
                  "uuid": "d2a454e4-d66c-45a5-bd9d-ad31dcededfa",
                  "parentUUID": "d357700f-9e0d-4107-a8de-44483b402417",
                  "isHook": false,
                  "skipped": false
                },
                {
                  "title": "should have email input",
                  "fullTitle": "Login Page Items Validation @Smoke Right Wrapper should have email input",
                  "timedOut": null,
                  "duration": 1477,
                  "state": "passed",
                  "speed": "fast",
                  "pass": true,
                  "fail": false,
                  "pending": false,
                  "context": null,
                  "code": "_LoginPage.default.getemailInputArea().should(\"exist\").and(\"be.visible\").and(\"have.attr\", \"type\", \"text\").and(\"have.attr\", \"required\");",
                  "err": {},
                  "uuid": "7baaa889-7c94-44f5-9d1d-1d9f38de0254",
                  "parentUUID": "d357700f-9e0d-4107-a8de-44483b402417",
                  "isHook": false,
                  "skipped": false
                },
                {
                  "title": "should display label for password input",
                  "fullTitle": "Login Page Items Validation @Smoke Right Wrapper should display label for password input",
                  "timedOut": null,
                  "duration": 2533,
                  "state": "passed",
                  "speed": "fast",
                  "pass": true,
                  "fail": false,
                  "pending": false,
                  "context": null,
                  "code": "_LoginPage.default.getlabels().contains(\"Şifreniz\").should(\"be.visible\");",
                  "err": {},
                  "uuid": "b93e6ccc-1a77-465a-9723-0829da068726",
                  "parentUUID": "d357700f-9e0d-4107-a8de-44483b402417",
                  "isHook": false,
                  "skipped": false
                },
                {
                  "title": "should have password input",
                  "fullTitle": "Login Page Items Validation @Smoke Right Wrapper should have password input",
                  "timedOut": null,
                  "duration": 1030,
                  "state": "passed",
                  "speed": "fast",
                  "pass": true,
                  "fail": false,
                  "pending": false,
                  "context": null,
                  "code": "_LoginPage.default.getpasswordInputArea().should(\"exist\").and(\"be.visible\").and(\"have.attr\", \"type\", \"password\").and(\"have.attr\", \"required\");",
                  "err": {},
                  "uuid": "452a649d-7ceb-4810-8407-ec38ce65abbb",
                  "parentUUID": "d357700f-9e0d-4107-a8de-44483b402417",
                  "isHook": false,
                  "skipped": false
                },
                {
                  "title": "should have \"Şifremi Unuttum?\" link",
                  "fullTitle": "Login Page Items Validation @Smoke Right Wrapper should have \"Şifremi Unuttum?\" link",
                  "timedOut": null,
                  "duration": 1522,
                  "state": "passed",
                  "speed": "fast",
                  "pass": true,
                  "fail": false,
                  "pending": false,
                  "context": null,
                  "code": "_LoginPage.default.getforgetPasswordButton().should(\"be.visible\").and(\"have.text\", \"Şifremi Unuttum?\").and(\"have.attr\", \"href\", \"https://www.pedogist.com/sifremi-unuttum\");",
                  "err": {},
                  "uuid": "27b9f0b8-b523-49a6-9cf1-61faeb916fd4",
                  "parentUUID": "d357700f-9e0d-4107-a8de-44483b402417",
                  "isHook": false,
                  "skipped": false
                },
                {
                  "title": "should have \"Beni Hatırla\" checkbox",
                  "fullTitle": "Login Page Items Validation @Smoke Right Wrapper should have \"Beni Hatırla\" checkbox",
                  "timedOut": null,
                  "duration": 1540,
                  "state": "passed",
                  "speed": "fast",
                  "pass": true,
                  "fail": false,
                  "pending": false,
                  "context": null,
                  "code": "cy.get('.container_check .checkmark').should('be.visible');\n_LoginPage.default.getrememberCheckBOx().should(\"exist\").and(\"have.attr\", \"type\", \"checkbox\").check({\n  force: true\n});",
                  "err": {},
                  "uuid": "d178e178-9870-43a8-96a7-c22364599bf1",
                  "parentUUID": "d357700f-9e0d-4107-a8de-44483b402417",
                  "isHook": false,
                  "skipped": false
                },
                {
                  "title": "should have Google login button",
                  "fullTitle": "Login Page Items Validation @Smoke Right Wrapper should have Google login button",
                  "timedOut": null,
                  "duration": 1822,
                  "state": "passed",
                  "speed": "fast",
                  "pass": true,
                  "fail": false,
                  "pending": false,
                  "context": null,
                  "code": "_LoginPage.default.getgoogleSignInButton().should(\"be.visible\").and(\"have.text\", \"Google\").and(\"have.attr\", \"href\", \"https://www.pedogist.com/auth/google\");",
                  "err": {},
                  "uuid": "23373b8e-620e-4c1d-9c99-6efeef05b530",
                  "parentUUID": "d357700f-9e0d-4107-a8de-44483b402417",
                  "isHook": false,
                  "skipped": false
                },
                {
                  "title": "should have \"Kayıt Ol\" link",
                  "fullTitle": "Login Page Items Validation @Smoke Right Wrapper should have \"Kayıt Ol\" link",
                  "timedOut": null,
                  "duration": 4068,
                  "state": "passed",
                  "speed": "fast",
                  "pass": true,
                  "fail": false,
                  "pending": false,
                  "context": null,
                  "code": "_LoginPage.default.getregisterButton().should(\"be.visible\").and(\"contain.text\", \"Kayıt Ol\").and(\"have.attr\", \"href\", \"https://www.pedogist.com/kayit\");",
                  "err": {},
                  "uuid": "37a51d47-9046-4242-9653-5c24e4e9a37c",
                  "parentUUID": "d357700f-9e0d-4107-a8de-44483b402417",
                  "isHook": false,
                  "skipped": false
                },
                {
                  "title": "should have \"Giriş Yap\" submit button",
                  "fullTitle": "Login Page Items Validation @Smoke Right Wrapper should have \"Giriş Yap\" submit button",
                  "timedOut": null,
                  "duration": 3202,
                  "state": "passed",
                  "speed": "fast",
                  "pass": true,
                  "fail": false,
                  "pending": false,
                  "context": null,
                  "code": "_LoginPage.default.getloginButton().should(\"be.visible\").and(\"have.text\", \"Giriş Yap\");",
                  "err": {},
                  "uuid": "c9997430-4763-4bf1-8e54-dbdb4393ad22",
                  "parentUUID": "d357700f-9e0d-4107-a8de-44483b402417",
                  "isHook": false,
                  "skipped": false
                }
              ],
              "suites": [],
              "passes": [
                "49749369-f5c7-4031-9d86-26dab01973a7",
                "d2a454e4-d66c-45a5-bd9d-ad31dcededfa",
                "7baaa889-7c94-44f5-9d1d-1d9f38de0254",
                "b93e6ccc-1a77-465a-9723-0829da068726",
                "452a649d-7ceb-4810-8407-ec38ce65abbb",
                "27b9f0b8-b523-49a6-9cf1-61faeb916fd4",
                "d178e178-9870-43a8-96a7-c22364599bf1",
                "23373b8e-620e-4c1d-9c99-6efeef05b530",
                "37a51d47-9046-4242-9653-5c24e4e9a37c",
                "c9997430-4763-4bf1-8e54-dbdb4393ad22"
              ],
              "failures": [],
              "pending": [],
              "skipped": [],
              "duration": 20243,
              "root": false,
              "rootEmpty": false,
              "_timeout": 2000
            }
          ],
          "passes": [
            "5243b539-3f85-4411-8c58-27bbc8256160"
          ],
          "failures": [],
          "pending": [],
          "skipped": [],
          "duration": 5423,
          "root": false,
          "rootEmpty": false,
          "_timeout": 2000
        }
      ],
      "passes": [],
      "failures": [],
      "pending": [],
      "skipped": [],
      "duration": 0,
      "root": true,
      "rootEmpty": true,
      "_timeout": 2000
    }
  ],
  "meta": {
    "mocha": {
      "version": "7.2.0"
    },
    "mochawesome": {
      "options": {
        "quiet": false,
        "reportFilename": "mochawesome",
        "saveHtml": false,
        "saveJson": true,
        "consoleReporter": "spec",
        "useInlineDiffs": false,
        "code": true
      },
      "version": "7.1.3"
    },
    "marge": {
      "options": {
        "charts": true,
        "reportPageTitle": "SmartBear App Test Report",
        "embeddedScreenshots": true,
        "inlineAssets": true,
        "saveAllAttempts": false,
        "overwrite": false,
        "html": false,
        "json": true,
        "reportDir": "cypress/reports/html/.jsons"
      },
      "version": "6.2.0"
    }
  }
}