{
  "stats": {
    "suites": 1,
    "tests": 7,
    "passes": 7,
    "pending": 0,
    "failures": 0,
    "start": "2025-09-17T14:00:24.683Z",
    "end": "2025-09-17T14:01:14.253Z",
    "duration": 49570,
    "testsRegistered": 7,
    "passPercent": 100,
    "pendingPercent": 0,
    "other": 0,
    "hasOther": false,
    "skipped": 0,
    "hasSkipped": false
  },
  "results": [
    {
      "uuid": "13f1da92-f20d-43b2-a8e3-3b3a490b66bc",
      "title": "",
      "fullFile": "cypress/e2e/login_&_signup/login_&_sign_up_functionality_tests/login_functionality.cy.js",
      "file": "cypress/e2e/login_&_signup/login_&_sign_up_functionality_tests/login_functionality.cy.js",
      "beforeHooks": [],
      "afterHooks": [],
      "tests": [],
      "suites": [
        {
          "uuid": "e7fb0046-bc87-4827-b121-22c4a7ebf733",
          "title": "Login Functionality Validation @Smoke",
          "fullFile": "",
          "file": "",
          "beforeHooks": [],
          "afterHooks": [],
          "tests": [
            {
              "title": "Login Page URL validation",
              "fullTitle": "Login Functionality Validation @Smoke Login Page URL validation",
              "timedOut": null,
              "duration": 11294,
              "state": "passed",
              "speed": "slow",
              "pass": true,
              "fail": false,
              "pending": false,
              "context": null,
              "code": "cy.url().should(\"eq\", \"https://www.pedogist.com/giris\");",
              "err": {},
              "uuid": "2fb426e6-7b23-4231-9006-88843e4aad2a",
              "parentUUID": "e7fb0046-bc87-4827-b121-22c4a7ebf733",
              "isHook": false,
              "skipped": false
            },
            {
              "title": "Validate login – empty email",
              "fullTitle": "Login Functionality Validation @Smoke Validate login – empty email",
              "timedOut": null,
              "duration": 3461,
              "state": "passed",
              "speed": "fast",
              "pass": true,
              "fail": false,
              "pending": false,
              "context": null,
              "code": "_LoginPage.default.login(tc.username, tc.password);\nif (tc.type === \"server\") {\n  cy.url().should(\"include\", \"giris\");\n  _LoginPage.default.getErrorMessage().should(\"be.visible\").and(\"contain.text\", tc.expectedMessage);\n}\nif (tc.type === \"html-validation\") {\n  const getField = tc.field === \"email\" ? _LoginPage.default.getemailInputArea : _LoginPage.default.getpasswordInputArea;\n  getField().then($el => {\n    expect($el[0].checkValidity()).to.be.false;\n    expect($el[0].validationMessage).to.include(\"Please\");\n  });\n}",
              "err": {},
              "uuid": "11ad1e00-4ef2-4a18-b5d8-ff942a1a19b9",
              "parentUUID": "e7fb0046-bc87-4827-b121-22c4a7ebf733",
              "isHook": false,
              "skipped": false
            },
            {
              "title": "Validate login – empty password",
              "fullTitle": "Login Functionality Validation @Smoke Validate login – empty password",
              "timedOut": null,
              "duration": 5047,
              "state": "passed",
              "speed": "medium",
              "pass": true,
              "fail": false,
              "pending": false,
              "context": null,
              "code": "_LoginPage.default.login(tc.username, tc.password);\nif (tc.type === \"server\") {\n  cy.url().should(\"include\", \"giris\");\n  _LoginPage.default.getErrorMessage().should(\"be.visible\").and(\"contain.text\", tc.expectedMessage);\n}\nif (tc.type === \"html-validation\") {\n  const getField = tc.field === \"email\" ? _LoginPage.default.getemailInputArea : _LoginPage.default.getpasswordInputArea;\n  getField().then($el => {\n    expect($el[0].checkValidity()).to.be.false;\n    expect($el[0].validationMessage).to.include(\"Please\");\n  });\n}",
              "err": {},
              "uuid": "b454d8a0-738d-49f3-893c-7b26b39e48ee",
              "parentUUID": "e7fb0046-bc87-4827-b121-22c4a7ebf733",
              "isHook": false,
              "skipped": false
            },
            {
              "title": "Validate login – invalid Username & Valid Password",
              "fullTitle": "Login Functionality Validation @Smoke Validate login – invalid Username & Valid Password",
              "timedOut": null,
              "duration": 9797,
              "state": "passed",
              "speed": "medium",
              "pass": true,
              "fail": false,
              "pending": false,
              "context": null,
              "code": "_LoginPage.default.login(tc.username, tc.password);\nif (tc.type === \"server\") {\n  cy.url().should(\"include\", \"giris\");\n  _LoginPage.default.getErrorMessage().should(\"be.visible\").and(\"contain.text\", tc.expectedMessage);\n}\nif (tc.type === \"html-validation\") {\n  const getField = tc.field === \"email\" ? _LoginPage.default.getemailInputArea : _LoginPage.default.getpasswordInputArea;\n  getField().then($el => {\n    expect($el[0].checkValidity()).to.be.false;\n    expect($el[0].validationMessage).to.include(\"Please\");\n  });\n}",
              "err": {},
              "uuid": "5ee504b7-8721-49b4-9a6a-e91d8b5d18c1",
              "parentUUID": "e7fb0046-bc87-4827-b121-22c4a7ebf733",
              "isHook": false,
              "skipped": false
            },
            {
              "title": "Validate login – valid Username & Invalid Password",
              "fullTitle": "Login Functionality Validation @Smoke Validate login – valid Username & Invalid Password",
              "timedOut": null,
              "duration": 4203,
              "state": "passed",
              "speed": "fast",
              "pass": true,
              "fail": false,
              "pending": false,
              "context": null,
              "code": "_LoginPage.default.login(tc.username, tc.password);\nif (tc.type === \"server\") {\n  cy.url().should(\"include\", \"giris\");\n  _LoginPage.default.getErrorMessage().should(\"be.visible\").and(\"contain.text\", tc.expectedMessage);\n}\nif (tc.type === \"html-validation\") {\n  const getField = tc.field === \"email\" ? _LoginPage.default.getemailInputArea : _LoginPage.default.getpasswordInputArea;\n  getField().then($el => {\n    expect($el[0].checkValidity()).to.be.false;\n    expect($el[0].validationMessage).to.include(\"Please\");\n  });\n}",
              "err": {},
              "uuid": "022b324e-6b7e-49a5-8623-5d56130bc2d0",
              "parentUUID": "e7fb0046-bc87-4827-b121-22c4a7ebf733",
              "isHook": false,
              "skipped": false
            },
            {
              "title": "Validate login – invalid Username & Invalid Password",
              "fullTitle": "Login Functionality Validation @Smoke Validate login – invalid Username & Invalid Password",
              "timedOut": null,
              "duration": 5288,
              "state": "passed",
              "speed": "medium",
              "pass": true,
              "fail": false,
              "pending": false,
              "context": null,
              "code": "_LoginPage.default.login(tc.username, tc.password);\nif (tc.type === \"server\") {\n  cy.url().should(\"include\", \"giris\");\n  _LoginPage.default.getErrorMessage().should(\"be.visible\").and(\"contain.text\", tc.expectedMessage);\n}\nif (tc.type === \"html-validation\") {\n  const getField = tc.field === \"email\" ? _LoginPage.default.getemailInputArea : _LoginPage.default.getpasswordInputArea;\n  getField().then($el => {\n    expect($el[0].checkValidity()).to.be.false;\n    expect($el[0].validationMessage).to.include(\"Please\");\n  });\n}",
              "err": {},
              "uuid": "50c311ef-5bb2-4406-85c1-58b325bc7a1d",
              "parentUUID": "e7fb0046-bc87-4827-b121-22c4a7ebf733",
              "isHook": false,
              "skipped": false
            },
            {
              "title": "should log in with valid username and password",
              "fullTitle": "Login Functionality Validation @Smoke should log in with valid username and password",
              "timedOut": null,
              "duration": 9517,
              "state": "passed",
              "speed": "medium",
              "pass": true,
              "fail": false,
              "pending": false,
              "context": null,
              "code": "_LoginPage.default.login(Cypress.env(\"APP_USERNAME\"), Cypress.env(\"APP_PASSWORD\"));\ncy.get(\"li[class*='user-list']\").realHover();\ncy.get('label[class*=\"text-capital\"]').should(\"contain.text\", \"Volkan Tutunculer\");",
              "err": {},
              "uuid": "c6a88d7a-bdbb-4777-a9f2-eb13906f06e6",
              "parentUUID": "e7fb0046-bc87-4827-b121-22c4a7ebf733",
              "isHook": false,
              "skipped": false
            }
          ],
          "suites": [],
          "passes": [
            "2fb426e6-7b23-4231-9006-88843e4aad2a",
            "11ad1e00-4ef2-4a18-b5d8-ff942a1a19b9",
            "b454d8a0-738d-49f3-893c-7b26b39e48ee",
            "5ee504b7-8721-49b4-9a6a-e91d8b5d18c1",
            "022b324e-6b7e-49a5-8623-5d56130bc2d0",
            "50c311ef-5bb2-4406-85c1-58b325bc7a1d",
            "c6a88d7a-bdbb-4777-a9f2-eb13906f06e6"
          ],
          "failures": [],
          "pending": [],
          "skipped": [],
          "duration": 48607,
          "root": false,
          "rootEmpty": false,
          "_timeout": 2000
        }
      ],
      "passes": [],
      "failures": [],
      "pending": [],
      "skipped": [],
      "duration": 0,
      "root": true,
      "rootEmpty": true,
      "_timeout": 2000
    }
  ],
  "meta": {
    "mocha": {
      "version": "7.2.0"
    },
    "mochawesome": {
      "options": {
        "quiet": false,
        "reportFilename": "mochawesome",
        "saveHtml": false,
        "saveJson": true,
        "consoleReporter": "spec",
        "useInlineDiffs": false,
        "code": true
      },
      "version": "7.1.3"
    },
    "marge": {
      "options": {
        "charts": true,
        "reportPageTitle": "SmartBear App Test Report",
        "embeddedScreenshots": true,
        "inlineAssets": true,
        "saveAllAttempts": false,
        "overwrite": false,
        "html": false,
        "json": true,
        "reportDir": "cypress/reports/html/.jsons"
      },
      "version": "6.2.0"
    }
  }
}