{
  "stats": {
    "suites": 4,
    "tests": 3,
    "passes": 0,
    "pending": 17,
    "failures": -14,
    "start": "2025-09-17T14:00:21.523Z",
    "end": "2025-09-17T14:00:21.607Z",
    "duration": 84,
    "testsRegistered": 17,
    "passPercent": null,
    "pendingPercent": 100,
    "other": 14,
    "hasOther": true,
    "skipped": 0,
    "hasSkipped": false
  },
  "results": [
    {
      "uuid": "ae1fb685-095a-4c57-970b-a21918e9ff2a",
      "title": "",
      "fullFile": "cypress/e2e/footer-001-footer_validation.cy.js",
      "file": "cypress/e2e/footer-001-footer_validation.cy.js",
      "beforeHooks": [],
      "afterHooks": [],
      "tests": [],
      "suites": [
        {
          "uuid": "69edf516-0b1f-42c4-a33b-12ac65491b1e",
          "title": "Footer Comprehensive Validation @Regression",
          "fullFile": "",
          "file": "",
          "beforeHooks": [],
          "afterHooks": [],
          "tests": [
            {
              "title": "Footer logo is visible with correct src and alt attributes",
              "fullTitle": "Footer Comprehensive Validation @Regression Footer logo is visible with correct src and alt attributes",
              "timedOut": null,
              "duration": 0,
              "state": "pending",
              "speed": null,
              "pass": false,
              "fail": false,
              "pending": true,
              "context": null,
              "code": "_Footer.default.getfooterLogo().should('be.visible').and('have.attr', 'src', 'https://www.pedogist.com/assets/img/logo/logo-black.png').and('have.attr', 'alt', 'footer-logo');",
              "err": {},
              "uuid": "6aadb652-854e-4ed0-914b-c07b5fca01f1",
              "parentUUID": "69edf516-0b1f-42c4-a33b-12ac65491b1e",
              "isHook": false,
              "skipped": false
            },
            {
              "title": "Iyzico image is visible",
              "fullTitle": "Footer Comprehensive Validation @Regression Iyzico image is visible",
              "timedOut": null,
              "duration": 0,
              "state": "pending",
              "speed": null,
              "pass": false,
              "fail": false,
              "pending": true,
              "context": null,
              "code": "_Footer.default.getiyxicoLogo().should('be.visible').and($img => {\n  expect($img.attr('src')).to.match(/^https?:\\/\\//);\n});",
              "err": {},
              "uuid": "8691395e-0096-4678-b523-a9a33ce74fe1",
              "parentUUID": "69edf516-0b1f-42c4-a33b-12ac65491b1e",
              "isHook": false,
              "skipped": false
            },
            {
              "title": "ETBIS verification image and link exist",
              "fullTitle": "Footer Comprehensive Validation @Regression ETBIS verification image and link exist",
              "timedOut": null,
              "duration": 0,
              "state": "pending",
              "speed": null,
              "pass": false,
              "fail": false,
              "pending": true,
              "context": null,
              "code": "_Footer.default.getetbisURL().should('have.attr', 'href').and('include', 'etbis.eticaret.gov.tr');\n_Footer.default.getetbisQR().should('be.visible').and($img => {\n  expect($img.attr('src')).to.match(/^data:image\\/jpeg/);\n});",
              "err": {},
              "uuid": "ada67972-704e-4169-b279-7cccaa41d704",
              "parentUUID": "69edf516-0b1f-42c4-a33b-12ac65491b1e",
              "isHook": false,
              "skipped": false
            },
            {
              "title": "Social media icon Facebook has correct link and is visible",
              "fullTitle": "Footer Comprehensive Validation @Regression Social media icon Facebook has correct link and is visible",
              "timedOut": null,
              "duration": 0,
              "state": "pending",
              "speed": null,
              "pass": false,
              "fail": false,
              "pending": true,
              "context": null,
              "code": "_Footer.default.getsocialIcons().eq(index).should('have.attr', 'href', href);\n_Footer.default.getsocialIcons().eq(index).find('i').should('have.class', iconClass);",
              "err": {},
              "uuid": "9393b69d-5fb1-4d12-b58b-ad5a8aeb847e",
              "parentUUID": "69edf516-0b1f-42c4-a33b-12ac65491b1e",
              "isHook": false,
              "skipped": false
            },
            {
              "title": "Social media icon X has correct link and is visible",
              "fullTitle": "Footer Comprehensive Validation @Regression Social media icon X has correct link and is visible",
              "timedOut": null,
              "duration": 0,
              "state": "pending",
              "speed": null,
              "pass": false,
              "fail": false,
              "pending": true,
              "context": null,
              "code": "_Footer.default.getsocialIcons().eq(index).should('have.attr', 'href', href);\n_Footer.default.getsocialIcons().eq(index).find('i').should('have.class', iconClass);",
              "err": {},
              "uuid": "813638d6-b986-4317-b557-295de5f12049",
              "parentUUID": "69edf516-0b1f-42c4-a33b-12ac65491b1e",
              "isHook": false,
              "skipped": false
            },
            {
              "title": "Social media icon Instagram has correct link and is visible",
              "fullTitle": "Footer Comprehensive Validation @Regression Social media icon Instagram has correct link and is visible",
              "timedOut": null,
              "duration": 0,
              "state": "pending",
              "speed": null,
              "pass": false,
              "fail": false,
              "pending": true,
              "context": null,
              "code": "_Footer.default.getsocialIcons().eq(index).should('have.attr', 'href', href);\n_Footer.default.getsocialIcons().eq(index).find('i').should('have.class', iconClass);",
              "err": {},
              "uuid": "fadb9c3c-2297-4db0-b090-72699aa1b8ef",
              "parentUUID": "69edf516-0b1f-42c4-a33b-12ac65491b1e",
              "isHook": false,
              "skipped": false
            },
            {
              "title": "Social media icon Linkedin has correct link and is visible",
              "fullTitle": "Footer Comprehensive Validation @Regression Social media icon Linkedin has correct link and is visible",
              "timedOut": null,
              "duration": 0,
              "state": "pending",
              "speed": null,
              "pass": false,
              "fail": false,
              "pending": true,
              "context": null,
              "code": "_Footer.default.getsocialIcons().eq(index).should('have.attr', 'href', href);\n_Footer.default.getsocialIcons().eq(index).find('i').should('have.class', iconClass);",
              "err": {},
              "uuid": "315fdb95-feb8-49a2-8da8-5de46cc148fa",
              "parentUUID": "69edf516-0b1f-42c4-a33b-12ac65491b1e",
              "isHook": false,
              "skipped": false
            },
            {
              "title": "Warning text is present and visible",
              "fullTitle": "Footer Comprehensive Validation @Regression Warning text is present and visible",
              "timedOut": null,
              "duration": 0,
              "state": "pending",
              "speed": null,
              "pass": false,
              "fail": false,
              "pending": true,
              "context": null,
              "code": "_Footer.default.getfooterWarningMessage().should('be.visible').and('contain.text', 'Eğer kriz anında olduğunuzu ya da başka bir kişinin tehlikede olduğunu düşünüyorsanız');",
              "err": {},
              "uuid": "420ff8d1-387d-4d58-92e3-01f2f40534c7",
              "parentUUID": "69edf516-0b1f-42c4-a33b-12ac65491b1e",
              "isHook": false,
              "skipped": false
            }
          ],
          "suites": [
            {
              "uuid": "90da77c2-be77-45ae-8ffc-86416624deab",
              "title": "Bilgilendirme menu",
              "fullFile": "",
              "file": "",
              "beforeHooks": [],
              "afterHooks": [],
              "tests": [
                {
                  "title": "Menu title is visible",
                  "fullTitle": "Footer Comprehensive Validation @Regression Bilgilendirme menu Menu title is visible",
                  "timedOut": null,
                  "duration": 0,
                  "state": "pending",
                  "speed": null,
                  "pass": false,
                  "fail": false,
                  "pending": true,
                  "context": null,
                  "code": "_Footer.default.footerMenuTitle(selector).should('be.visible').and('have.text', title);",
                  "err": {},
                  "uuid": "8abcf7bf-7523-42fb-bd8e-0a4fa8f724f6",
                  "parentUUID": "90da77c2-be77-45ae-8ffc-86416624deab",
                  "isHook": false,
                  "skipped": false
                },
                {
                  "title": "All links have correct href and visible text",
                  "fullTitle": "Footer Comprehensive Validation @Regression Bilgilendirme menu All links have correct href and visible text",
                  "timedOut": null,
                  "duration": 0,
                  "state": "pending",
                  "speed": null,
                  "pass": false,
                  "fail": false,
                  "pending": true,
                  "context": null,
                  "code": "_Footer.default.footerMenuItems(selector).should('have.length', expectedLinks.length);\nexpectedLinks.forEach(({\n  text,\n  href\n}, i) => {\n  _Footer.default.footerMenuItems(selector).eq(i).should('have.text', text).and('have.attr', 'href', href);\n});",
                  "err": {},
                  "uuid": "1c7e9ee1-e3e5-403f-9dcb-634128dcdfaa",
                  "parentUUID": "90da77c2-be77-45ae-8ffc-86416624deab",
                  "isHook": false,
                  "skipped": false
                },
                {
                  "title": "All link have to corrent page",
                  "fullTitle": "Footer Comprehensive Validation @Regression Bilgilendirme menu All link have to corrent page",
                  "timedOut": null,
                  "duration": 0,
                  "state": "pending",
                  "speed": null,
                  "pass": false,
                  "fail": false,
                  "pending": true,
                  "context": null,
                  "code": "expectedLinks.forEach(({\n  h2\n}, i) => {\n  _Footer.default.footerMenuItems(selector).eq(i).click();\n  _PageCommonItems.default.getpageTitle().should('have.text', h2);\n  cy.visit('/');\n});",
                  "err": {},
                  "uuid": "72f0fd8d-d64f-4fc4-b6ef-0cdbfca2d562",
                  "parentUUID": "90da77c2-be77-45ae-8ffc-86416624deab",
                  "isHook": false,
                  "skipped": false
                }
              ],
              "suites": [],
              "passes": [],
              "failures": [],
              "pending": [
                "8abcf7bf-7523-42fb-bd8e-0a4fa8f724f6",
                "1c7e9ee1-e3e5-403f-9dcb-634128dcdfaa",
                "72f0fd8d-d64f-4fc4-b6ef-0cdbfca2d562"
              ],
              "skipped": [],
              "duration": 0,
              "root": false,
              "rootEmpty": false,
              "_timeout": 2000
            },
            {
              "uuid": "903f9d74-6908-4bc2-8696-e91d626fb29a",
              "title": "Hızlı Menü menu",
              "fullFile": "",
              "file": "",
              "beforeHooks": [],
              "afterHooks": [],
              "tests": [
                {
                  "title": "Menu title is visible",
                  "fullTitle": "Footer Comprehensive Validation @Regression Hızlı Menü menu Menu title is visible",
                  "timedOut": null,
                  "duration": 0,
                  "state": "pending",
                  "speed": null,
                  "pass": false,
                  "fail": false,
                  "pending": true,
                  "context": null,
                  "code": "_Footer.default.footerMenuTitle(selector).should('be.visible').and('have.text', title);",
                  "err": {},
                  "uuid": "f4afa7f3-ccb7-4290-8270-a4496cbcf8ce",
                  "parentUUID": "903f9d74-6908-4bc2-8696-e91d626fb29a",
                  "isHook": false,
                  "skipped": false
                },
                {
                  "title": "All links have correct href and visible text",
                  "fullTitle": "Footer Comprehensive Validation @Regression Hızlı Menü menu All links have correct href and visible text",
                  "timedOut": null,
                  "duration": 0,
                  "state": "pending",
                  "speed": null,
                  "pass": false,
                  "fail": false,
                  "pending": true,
                  "context": null,
                  "code": "_Footer.default.footerMenuItems(selector).should('have.length', expectedLinks.length);\nexpectedLinks.forEach(({\n  text,\n  href\n}, i) => {\n  _Footer.default.footerMenuItems(selector).eq(i).should('have.text', text).and('have.attr', 'href', href);\n});",
                  "err": {},
                  "uuid": "65f98e8b-6c89-4599-bc59-8f69c8d9ef1d",
                  "parentUUID": "903f9d74-6908-4bc2-8696-e91d626fb29a",
                  "isHook": false,
                  "skipped": false
                },
                {
                  "title": "All link have to corrent page",
                  "fullTitle": "Footer Comprehensive Validation @Regression Hızlı Menü menu All link have to corrent page",
                  "timedOut": null,
                  "duration": 0,
                  "state": "pending",
                  "speed": null,
                  "pass": false,
                  "fail": false,
                  "pending": true,
                  "context": null,
                  "code": "expectedLinks.forEach(({\n  h2\n}, i) => {\n  _Footer.default.footerMenuItems(selector).eq(i).click();\n  _PageCommonItems.default.getpageTitle().should('have.text', h2);\n  cy.visit('/');\n});",
                  "err": {},
                  "uuid": "3b266bcb-6054-4967-be57-c99614a51821",
                  "parentUUID": "903f9d74-6908-4bc2-8696-e91d626fb29a",
                  "isHook": false,
                  "skipped": false
                }
              ],
              "suites": [],
              "passes": [],
              "failures": [],
              "pending": [
                "f4afa7f3-ccb7-4290-8270-a4496cbcf8ce",
                "65f98e8b-6c89-4599-bc59-8f69c8d9ef1d",
                "3b266bcb-6054-4967-be57-c99614a51821"
              ],
              "skipped": [],
              "duration": 0,
              "root": false,
              "rootEmpty": false,
              "_timeout": 2000
            },
            {
              "uuid": "81827bc3-9a95-4280-8b78-9d7cd27e6742",
              "title": "Diğer menu",
              "fullFile": "",
              "file": "",
              "beforeHooks": [],
              "afterHooks": [],
              "tests": [
                {
                  "title": "Menu title is visible",
                  "fullTitle": "Footer Comprehensive Validation @Regression Diğer menu Menu title is visible",
                  "timedOut": null,
                  "duration": 0,
                  "state": "pending",
                  "speed": null,
                  "pass": false,
                  "fail": false,
                  "pending": true,
                  "context": null,
                  "code": "_Footer.default.footerMenuTitle(selector).should('be.visible').and('have.text', title);",
                  "err": {},
                  "uuid": "0cae0718-f62c-4451-bbab-a9772f42bc61",
                  "parentUUID": "81827bc3-9a95-4280-8b78-9d7cd27e6742",
                  "isHook": false,
                  "skipped": false
                },
                {
                  "title": "All links have correct href and visible text",
                  "fullTitle": "Footer Comprehensive Validation @Regression Diğer menu All links have correct href and visible text",
                  "timedOut": null,
                  "duration": 0,
                  "state": "pending",
                  "speed": null,
                  "pass": false,
                  "fail": false,
                  "pending": true,
                  "context": null,
                  "code": "_Footer.default.footerMenuItems(selector).should('have.length', expectedLinks.length);\nexpectedLinks.forEach(({\n  text,\n  href\n}, i) => {\n  _Footer.default.footerMenuItems(selector).eq(i).should('have.text', text).and('have.attr', 'href', href);\n});",
                  "err": {},
                  "uuid": "5ae56e93-ce2b-472c-ba0e-813adbf87ef5",
                  "parentUUID": "81827bc3-9a95-4280-8b78-9d7cd27e6742",
                  "isHook": false,
                  "skipped": false
                },
                {
                  "title": "All link have to corrent page",
                  "fullTitle": "Footer Comprehensive Validation @Regression Diğer menu All link have to corrent page",
                  "timedOut": null,
                  "duration": 0,
                  "state": "pending",
                  "speed": null,
                  "pass": false,
                  "fail": false,
                  "pending": true,
                  "context": null,
                  "code": "expectedLinks.forEach(({\n  h2\n}, i) => {\n  _Footer.default.footerMenuItems(selector).eq(i).click();\n  _PageCommonItems.default.getpageTitle().should('have.text', h2);\n  cy.visit('/');\n});",
                  "err": {},
                  "uuid": "5b959f86-527c-43bf-8eea-c233129a396e",
                  "parentUUID": "81827bc3-9a95-4280-8b78-9d7cd27e6742",
                  "isHook": false,
                  "skipped": false
                }
              ],
              "suites": [],
              "passes": [],
              "failures": [],
              "pending": [
                "0cae0718-f62c-4451-bbab-a9772f42bc61",
                "5ae56e93-ce2b-472c-ba0e-813adbf87ef5",
                "5b959f86-527c-43bf-8eea-c233129a396e"
              ],
              "skipped": [],
              "duration": 0,
              "root": false,
              "rootEmpty": false,
              "_timeout": 2000
            }
          ],
          "passes": [],
          "failures": [],
          "pending": [
            "6aadb652-854e-4ed0-914b-c07b5fca01f1",
            "8691395e-0096-4678-b523-a9a33ce74fe1",
            "ada67972-704e-4169-b279-7cccaa41d704",
            "9393b69d-5fb1-4d12-b58b-ad5a8aeb847e",
            "813638d6-b986-4317-b557-295de5f12049",
            "fadb9c3c-2297-4db0-b090-72699aa1b8ef",
            "315fdb95-feb8-49a2-8da8-5de46cc148fa",
            "420ff8d1-387d-4d58-92e3-01f2f40534c7"
          ],
          "skipped": [],
          "duration": 0,
          "root": false,
          "rootEmpty": false,
          "_timeout": 2000
        }
      ],
      "passes": [],
      "failures": [],
      "pending": [],
      "skipped": [],
      "duration": 0,
      "root": true,
      "rootEmpty": true,
      "_timeout": 2000
    }
  ],
  "meta": {
    "mocha": {
      "version": "7.2.0"
    },
    "mochawesome": {
      "options": {
        "quiet": false,
        "reportFilename": "mochawesome",
        "saveHtml": false,
        "saveJson": true,
        "consoleReporter": "spec",
        "useInlineDiffs": false,
        "code": true
      },
      "version": "7.1.3"
    },
    "marge": {
      "options": {
        "charts": true,
        "reportPageTitle": "SmartBear App Test Report",
        "embeddedScreenshots": true,
        "inlineAssets": true,
        "saveAllAttempts": false,
        "overwrite": false,
        "html": false,
        "json": true,
        "reportDir": "cypress/reports/html/.jsons"
      },
      "version": "6.2.0"
    }
  }
}