{
  "stats": {
    "suites": 1,
    "tests": 1,
    "passes": 0,
    "pending": 16,
    "failures": -15,
    "start": "2025-09-17T14:00:23.279Z",
    "end": "2025-09-17T14:00:23.312Z",
    "duration": 33,
    "testsRegistered": 16,
    "passPercent": null,
    "pendingPercent": 100,
    "other": 15,
    "hasOther": true,
    "skipped": 0,
    "hasSkipped": false
  },
  "results": [
    {
      "uuid": "9503fd86-ef15-46e4-8880-1187f936e17e",
      "title": "",
      "fullFile": "cypress/e2e/menu-001-menu_navigation_validation.cy.js",
      "file": "cypress/e2e/menu-001-menu_navigation_validation.cy.js",
      "beforeHooks": [],
      "afterHooks": [],
      "tests": [],
      "suites": [
        {
          "uuid": "9aecbfa5-cf94-47a1-8bbf-23360effa5c7",
          "title": "Home Page and Main Menu Navigation Functionality Validation @Regression",
          "fullFile": "",
          "file": "",
          "beforeHooks": [],
          "afterHooks": [],
          "tests": [
            {
              "title": "Url validation",
              "fullTitle": "Home Page and Main Menu Navigation Functionality Validation @Regression Url validation",
              "timedOut": null,
              "duration": 0,
              "state": "pending",
              "speed": null,
              "pass": false,
              "fail": false,
              "pending": true,
              "context": null,
              "code": "cy.url().should('eq', 'https://www.pedogist.com/');",
              "err": {},
              "uuid": "16e4f6a7-de75-42b1-a05f-a06d67eced52",
              "parentUUID": "9aecbfa5-cf94-47a1-8bbf-23360effa5c7",
              "isHook": false,
              "skipped": false
            },
            {
              "title": "Logo validation",
              "fullTitle": "Home Page and Main Menu Navigation Functionality Validation @Regression Logo validation",
              "timedOut": null,
              "duration": 0,
              "state": "pending",
              "speed": null,
              "pass": false,
              "fail": false,
              "pending": true,
              "context": null,
              "code": "_MainMenu.default.getlogo().should('have.attr', 'src', '/assets/img/logo/logo-black.png').and('be.visible');",
              "err": {},
              "uuid": "1a64a5de-dc45-45f1-b084-b7e2cfefbd19",
              "parentUUID": "9aecbfa5-cf94-47a1-8bbf-23360effa5c7",
              "isHook": false,
              "skipped": false
            },
            {
              "title": "Menu Validation",
              "fullTitle": "Home Page and Main Menu Navigation Functionality Validation @Regression Menu Validation",
              "timedOut": null,
              "duration": 0,
              "state": "pending",
              "speed": null,
              "pass": false,
              "fail": false,
              "pending": true,
              "context": null,
              "code": "_MainMenu.default.getmenuItems().then($elements => {\n  const actualMenuItems = [...$elements].map(el => el.textContent);\n  _main_menu_nav_items.menuItemNames.mainMenu.forEach(expectedItem => {\n    expect(actualMenuItems).to.include(expectedItem);\n  });\n});",
              "err": {},
              "uuid": "fcacd773-7f63-44d8-a0d8-1484dee1e640",
              "parentUUID": "9aecbfa5-cf94-47a1-8bbf-23360effa5c7",
              "isHook": false,
              "skipped": false
            },
            {
              "title": "Submenu Validation",
              "fullTitle": "Home Page and Main Menu Navigation Functionality Validation @Regression Submenu Validation",
              "timedOut": null,
              "duration": 0,
              "state": "pending",
              "speed": null,
              "pass": false,
              "fail": false,
              "pending": true,
              "context": null,
              "code": "_MainMenu.default.getsubmenuItems().then($elements => {\n  const actualSubmenuItems = [...$elements].map(el => el.textContent);\n  _main_menu_nav_items.menuItemNames.hizmetlerimiz.forEach(expectedItem => {\n    expect(actualSubmenuItems).to.include(expectedItem);\n  });\n});",
              "err": {},
              "uuid": "f3df843c-b1d6-4462-9603-3100c17bfedb",
              "parentUUID": "9aecbfa5-cf94-47a1-8bbf-23360effa5c7",
              "isHook": false,
              "skipped": false
            },
            {
              "title": "Validate \"Anasayfa\" Menu Navigation",
              "fullTitle": "Home Page and Main Menu Navigation Functionality Validation @Regression Validate \"Anasayfa\" Menu Navigation",
              "timedOut": null,
              "duration": 0,
              "state": "pending",
              "speed": null,
              "pass": false,
              "fail": false,
              "pending": true,
              "context": null,
              "code": "_MainMenu.default.getmenuItems().contains(menuName).click();\ncy.url().should('eq', url);\nif (header) {\n  cy.get(\"div[class*=hero-course] h2\").should('have.text', header);\n}",
              "err": {},
              "uuid": "c4cece0f-e528-4e6a-a402-0f69c82ceeb5",
              "parentUUID": "9aecbfa5-cf94-47a1-8bbf-23360effa5c7",
              "isHook": false,
              "skipped": false
            },
            {
              "title": "Validate \"Nasıl Çalışır ?\" Menu Navigation",
              "fullTitle": "Home Page and Main Menu Navigation Functionality Validation @Regression Validate \"Nasıl Çalışır ?\" Menu Navigation",
              "timedOut": null,
              "duration": 0,
              "state": "pending",
              "speed": null,
              "pass": false,
              "fail": false,
              "pending": true,
              "context": null,
              "code": "_MainMenu.default.getmenuItems().contains(menuName).click();\ncy.url().should('eq', url);\nif (header) {\n  cy.get(\"div[class*=hero-course] h2\").should('have.text', header);\n}",
              "err": {},
              "uuid": "7855cca2-d47e-4d73-a81b-d2116e2ada9c",
              "parentUUID": "9aecbfa5-cf94-47a1-8bbf-23360effa5c7",
              "isHook": false,
              "skipped": false
            },
            {
              "title": "Validate \"Uzmanlarımız\" Menu Navigation",
              "fullTitle": "Home Page and Main Menu Navigation Functionality Validation @Regression Validate \"Uzmanlarımız\" Menu Navigation",
              "timedOut": null,
              "duration": 0,
              "state": "pending",
              "speed": null,
              "pass": false,
              "fail": false,
              "pending": true,
              "context": null,
              "code": "_MainMenu.default.getmenuItems().contains(menuName).click();\ncy.url().should('eq', url);\nif (header) {\n  cy.get(\"div[class*=hero-course] h2\").should('have.text', header);\n}",
              "err": {},
              "uuid": "12ff9c45-38b7-4554-a26d-66c010c106e5",
              "parentUUID": "9aecbfa5-cf94-47a1-8bbf-23360effa5c7",
              "isHook": false,
              "skipped": false
            },
            {
              "title": "Validate \"Envanterler\" Menu Navigation",
              "fullTitle": "Home Page and Main Menu Navigation Functionality Validation @Regression Validate \"Envanterler\" Menu Navigation",
              "timedOut": null,
              "duration": 0,
              "state": "pending",
              "speed": null,
              "pass": false,
              "fail": false,
              "pending": true,
              "context": null,
              "code": "_MainMenu.default.getmenuItems().contains(menuName).click();\ncy.url().should('eq', url);\nif (header) {\n  cy.get(\"div[class*=hero-course] h2\").should('have.text', header);\n}",
              "err": {},
              "uuid": "ec543afa-8601-44fc-989f-0617d910ea23",
              "parentUUID": "9aecbfa5-cf94-47a1-8bbf-23360effa5c7",
              "isHook": false,
              "skipped": false
            },
            {
              "title": "Validate \"Blog\" Menu Navigation",
              "fullTitle": "Home Page and Main Menu Navigation Functionality Validation @Regression Validate \"Blog\" Menu Navigation",
              "timedOut": null,
              "duration": 0,
              "state": "pending",
              "speed": null,
              "pass": false,
              "fail": false,
              "pending": true,
              "context": null,
              "code": "_MainMenu.default.getmenuItems().contains(menuName).click();\ncy.url().should('eq', url);\nif (header) {\n  cy.get(\"div[class*=hero-course] h2\").should('have.text', header);\n}",
              "err": {},
              "uuid": "3c5b0e28-f30f-4d92-a7a4-9cde1b0771cf",
              "parentUUID": "9aecbfa5-cf94-47a1-8bbf-23360effa5c7",
              "isHook": false,
              "skipped": false
            },
            {
              "title": "Validate \"Uzmanımız Ol\" Menu Navigation",
              "fullTitle": "Home Page and Main Menu Navigation Functionality Validation @Regression Validate \"Uzmanımız Ol\" Menu Navigation",
              "timedOut": null,
              "duration": 0,
              "state": "pending",
              "speed": null,
              "pass": false,
              "fail": false,
              "pending": true,
              "context": null,
              "code": "_MainMenu.default.getmenuItems().contains(menuName).click();\ncy.url().should('eq', url);\nif (header) {\n  cy.get(\"div[class*=hero-course] h2\").should('have.text', header);\n}",
              "err": {},
              "uuid": "94608499-5500-428d-adbe-cfbbd45c6cfe",
              "parentUUID": "9aecbfa5-cf94-47a1-8bbf-23360effa5c7",
              "isHook": false,
              "skipped": false
            },
            {
              "title": "Validate \"Online Anne - Bebek Danışmanlığı\" Submenu Navigation",
              "fullTitle": "Home Page and Main Menu Navigation Functionality Validation @Regression Validate \"Online Anne - Bebek Danışmanlığı\" Submenu Navigation",
              "timedOut": null,
              "duration": 0,
              "state": "pending",
              "speed": null,
              "pass": false,
              "fail": false,
              "pending": true,
              "context": null,
              "code": "_MainMenu.default.getmenuItems().contains('Hizmetlerimiz').trigger('mouseover').realHover();\n_MainMenu.default.getsubmenuItems().contains(submenuName).click();\ncy.url().should('eq', url);\ncy.get(\"div[class*=hero-course] h1\").should('have.text', header).and('be.visible');",
              "err": {},
              "uuid": "a64c6cd8-f7e1-4428-bbb2-394270bc3352",
              "parentUUID": "9aecbfa5-cf94-47a1-8bbf-23360effa5c7",
              "isHook": false,
              "skipped": false
            },
            {
              "title": "Validate \"Online Çocuk Danışmanlığı\" Submenu Navigation",
              "fullTitle": "Home Page and Main Menu Navigation Functionality Validation @Regression Validate \"Online Çocuk Danışmanlığı\" Submenu Navigation",
              "timedOut": null,
              "duration": 0,
              "state": "pending",
              "speed": null,
              "pass": false,
              "fail": false,
              "pending": true,
              "context": null,
              "code": "_MainMenu.default.getmenuItems().contains('Hizmetlerimiz').trigger('mouseover').realHover();\n_MainMenu.default.getsubmenuItems().contains(submenuName).click();\ncy.url().should('eq', url);\ncy.get(\"div[class*=hero-course] h1\").should('have.text', header).and('be.visible');",
              "err": {},
              "uuid": "d47a689e-6ea1-45a4-bc8e-4986446cb43d",
              "parentUUID": "9aecbfa5-cf94-47a1-8bbf-23360effa5c7",
              "isHook": false,
              "skipped": false
            },
            {
              "title": "Validate \"Online Ergen Danışmanlığı\" Submenu Navigation",
              "fullTitle": "Home Page and Main Menu Navigation Functionality Validation @Regression Validate \"Online Ergen Danışmanlığı\" Submenu Navigation",
              "timedOut": null,
              "duration": 0,
              "state": "pending",
              "speed": null,
              "pass": false,
              "fail": false,
              "pending": true,
              "context": null,
              "code": "_MainMenu.default.getmenuItems().contains('Hizmetlerimiz').trigger('mouseover').realHover();\n_MainMenu.default.getsubmenuItems().contains(submenuName).click();\ncy.url().should('eq', url);\ncy.get(\"div[class*=hero-course] h1\").should('have.text', header).and('be.visible');",
              "err": {},
              "uuid": "ea5abbf6-3837-4380-a77c-130b1ee68b2a",
              "parentUUID": "9aecbfa5-cf94-47a1-8bbf-23360effa5c7",
              "isHook": false,
              "skipped": false
            },
            {
              "title": "Validate \"Online Yetişkin Danışmanlığı\" Submenu Navigation",
              "fullTitle": "Home Page and Main Menu Navigation Functionality Validation @Regression Validate \"Online Yetişkin Danışmanlığı\" Submenu Navigation",
              "timedOut": null,
              "duration": 0,
              "state": "pending",
              "speed": null,
              "pass": false,
              "fail": false,
              "pending": true,
              "context": null,
              "code": "_MainMenu.default.getmenuItems().contains('Hizmetlerimiz').trigger('mouseover').realHover();\n_MainMenu.default.getsubmenuItems().contains(submenuName).click();\ncy.url().should('eq', url);\ncy.get(\"div[class*=hero-course] h1\").should('have.text', header).and('be.visible');",
              "err": {},
              "uuid": "52a33eb2-048c-48d8-b918-bf9c5f45df67",
              "parentUUID": "9aecbfa5-cf94-47a1-8bbf-23360effa5c7",
              "isHook": false,
              "skipped": false
            },
            {
              "title": "Validate \"Online Aile Danışmanlığı\" Submenu Navigation",
              "fullTitle": "Home Page and Main Menu Navigation Functionality Validation @Regression Validate \"Online Aile Danışmanlığı\" Submenu Navigation",
              "timedOut": null,
              "duration": 0,
              "state": "pending",
              "speed": null,
              "pass": false,
              "fail": false,
              "pending": true,
              "context": null,
              "code": "_MainMenu.default.getmenuItems().contains('Hizmetlerimiz').trigger('mouseover').realHover();\n_MainMenu.default.getsubmenuItems().contains(submenuName).click();\ncy.url().should('eq', url);\ncy.get(\"div[class*=hero-course] h1\").should('have.text', header).and('be.visible');",
              "err": {},
              "uuid": "8bc3314e-88de-492e-8f36-83f0cc98d518",
              "parentUUID": "9aecbfa5-cf94-47a1-8bbf-23360effa5c7",
              "isHook": false,
              "skipped": false
            },
            {
              "title": "Validate \"Atölye Çalışmaları\" Submenu Navigation",
              "fullTitle": "Home Page and Main Menu Navigation Functionality Validation @Regression Validate \"Atölye Çalışmaları\" Submenu Navigation",
              "timedOut": null,
              "duration": 0,
              "state": "pending",
              "speed": null,
              "pass": false,
              "fail": false,
              "pending": true,
              "context": null,
              "code": "_MainMenu.default.getmenuItems().contains('Hizmetlerimiz').trigger('mouseover').realHover();\n_MainMenu.default.getsubmenuItems().contains(submenuName).click();\ncy.url().should('eq', url);\ncy.get(\"div[class*=hero-course] h1\").should('have.text', header).and('be.visible');",
              "err": {},
              "uuid": "6e2b4906-b5bd-481d-bfe2-d755af11c256",
              "parentUUID": "9aecbfa5-cf94-47a1-8bbf-23360effa5c7",
              "isHook": false,
              "skipped": false
            }
          ],
          "suites": [],
          "passes": [],
          "failures": [],
          "pending": [
            "16e4f6a7-de75-42b1-a05f-a06d67eced52",
            "1a64a5de-dc45-45f1-b084-b7e2cfefbd19",
            "fcacd773-7f63-44d8-a0d8-1484dee1e640",
            "f3df843c-b1d6-4462-9603-3100c17bfedb",
            "c4cece0f-e528-4e6a-a402-0f69c82ceeb5",
            "7855cca2-d47e-4d73-a81b-d2116e2ada9c",
            "12ff9c45-38b7-4554-a26d-66c010c106e5",
            "ec543afa-8601-44fc-989f-0617d910ea23",
            "3c5b0e28-f30f-4d92-a7a4-9cde1b0771cf",
            "94608499-5500-428d-adbe-cfbbd45c6cfe",
            "a64c6cd8-f7e1-4428-bbb2-394270bc3352",
            "d47a689e-6ea1-45a4-bc8e-4986446cb43d",
            "ea5abbf6-3837-4380-a77c-130b1ee68b2a",
            "52a33eb2-048c-48d8-b918-bf9c5f45df67",
            "8bc3314e-88de-492e-8f36-83f0cc98d518",
            "6e2b4906-b5bd-481d-bfe2-d755af11c256"
          ],
          "skipped": [],
          "duration": 0,
          "root": false,
          "rootEmpty": false,
          "_timeout": 2000
        }
      ],
      "passes": [],
      "failures": [],
      "pending": [],
      "skipped": [],
      "duration": 0,
      "root": true,
      "rootEmpty": true,
      "_timeout": 2000
    }
  ],
  "meta": {
    "mocha": {
      "version": "7.2.0"
    },
    "mochawesome": {
      "options": {
        "quiet": false,
        "reportFilename": "mochawesome",
        "saveHtml": false,
        "saveJson": true,
        "consoleReporter": "spec",
        "useInlineDiffs": false,
        "code": true
      },
      "version": "7.1.3"
    },
    "marge": {
      "options": {
        "charts": true,
        "reportPageTitle": "SmartBear App Test Report",
        "embeddedScreenshots": true,
        "inlineAssets": true,
        "saveAllAttempts": false,
        "overwrite": false,
        "html": false,
        "json": true,
        "reportDir": "cypress/reports/html/.jsons"
      },
      "version": "6.2.0"
    }
  }
}